mode: set
ryan-test-backend/middleware/auth_middleware.go:13.62,15.2 1 1
ryan-test-backend/middleware/auth_middleware.go:17.96,18.58 1 1
ryan-test-backend/middleware/auth_middleware.go:18.58,20.3 1 1
ryan-test-backend/middleware/auth_middleware.go:20.8,28.3 4 1
ryan-test-backend/exception/error_handler.go:11.87,12.41 1 1
ryan-test-backend/exception/error_handler.go:15.2,15.43 1 1
ryan-test-backend/exception/error_handler.go:18.2,18.43 1 1
ryan-test-backend/exception/error_handler.go:12.41,14.3 1 0
ryan-test-backend/exception/error_handler.go:15.43,17.3 1 0
ryan-test-backend/exception/error_handler.go:21.93,23.8 2 1
ryan-test-backend/exception/error_handler.go:23.8,33.3 5 1
ryan-test-backend/exception/error_handler.go:33.8,35.3 1 1
ryan-test-backend/exception/error_handler.go:38.95,40.8 2 1
ryan-test-backend/exception/error_handler.go:40.8,51.3 5 1
ryan-test-backend/exception/error_handler.go:51.8,53.3 1 1
ryan-test-backend/exception/error_handler.go:56.94,66.2 4 1
ryan-test-backend/helper/json.go:8.69,12.2 3 1
ryan-test-backend/helper/json.go:14.76,19.2 4 1
ryan-test-backend/helper/model.go:8.68,16.2 1 1
ryan-test-backend/helper/model.go:18.74,20.35 2 1
ryan-test-backend/helper/model.go:23.2,23.25 1 1
ryan-test-backend/helper/model.go:20.35,22.3 1 1
ryan-test-backend/helper/tx.go:5.35,7.16 2 1
ryan-test-backend/helper/tx.go:7.16,10.13 3 0
ryan-test-backend/helper/tx.go:11.8,14.3 2 1
ryan-test-backend/helper/error.go:3.30,4.16 1 1
ryan-test-backend/helper/error.go:4.16,5.13 1 1
ryan-test-backend/mocks/mocks.go:16.107,19.2 2 1
ryan-test-backend/mocks/mocks.go:21.99,24.2 2 1
ryan-test-backend/mocks/mocks.go:28.110,30.2 1 1
ryan-test-backend/mocks/mocks.go:32.118,38.2 1 1
ryan-test-backend/app/database.go:9.22,17.2 7 1
ryan-test-backend/app/redis.go:5.37,13.16 3 1
ryan-test-backend/app/redis.go:17.2,17.15 1 1
ryan-test-backend/app/redis.go:13.16,14.13 1 0
ryan-test-backend/controller/product_controller_impl.go:21.84,25.2 1 1
ryan-test-backend/controller/product_controller_impl.go:27.126,37.2 5 1
ryan-test-backend/controller/product_controller_impl.go:39.137,46.16 5 1
ryan-test-backend/controller/product_controller_impl.go:58.2,67.49 6 1
ryan-test-backend/controller/product_controller_impl.go:46.16,57.3 6 0
ryan-test-backend/repository/product_repository_impl.go:13.47,15.2 1 1
ryan-test-backend/repository/product_repository_impl.go:19.110,29.2 7 1
ryan-test-backend/repository/product_repository_impl.go:31.118,33.39 2 1
ryan-test-backend/repository/product_repository_impl.go:45.2,51.18 5 1
ryan-test-backend/repository/product_repository_impl.go:57.2,57.17 1 1
ryan-test-backend/repository/product_repository_impl.go:33.39,35.3 1 1
ryan-test-backend/repository/product_repository_impl.go:35.8,35.45 1 1
ryan-test-backend/repository/product_repository_impl.go:35.45,37.3 1 1
ryan-test-backend/repository/product_repository_impl.go:37.8,37.48 1 1
ryan-test-backend/repository/product_repository_impl.go:37.48,39.3 1 1
ryan-test-backend/repository/product_repository_impl.go:39.8,39.47 1 1
ryan-test-backend/repository/product_repository_impl.go:39.47,41.3 1 1
ryan-test-backend/repository/product_repository_impl.go:41.8,43.3 1 0
ryan-test-backend/repository/product_repository_impl.go:51.18,56.3 4 1
ryan-test-backend/service/product_service_impl.go:22.129,28.2 1 1
ryan-test-backend/service/product_service_impl.go:30.118,48.2 8 1
ryan-test-backend/service/product_service_impl.go:50.114,58.2 5 1
ryan-test-backend/test/test.go:9.28,19.2 7 1
ryan-test-backend/test/test.go:21.35,23.2 1 1
ryan-test-backend/main.go:18.13,22.2 3 1
ryan-test-backend/main.go:24.31,43.2 11 1
